14:24:54,639 (main) INFO  [uniandes.isis2304.vacuandes.interfazApp.InterfazVacuandesApp] - Se encontró un archivo de configuración válido: Interfaz
14:24:54,642 (main) INFO  [uniandes.isis2304.vacuandes.interfazApp.InterfazVacuandesApp] - Se aplica configuración indicada en el archivo de configuración
14:24:54,711 (main) INFO  [uniandes.isis2304.vacuandes.interfazApp.InterfazVacuandesApp] - Se encontró un archivo de configuración válido: Tablas BD
14:27:29,027 (main) INFO  [uniandes.isis2304.vacuandes.interfazApp.InterfazVacuandesApp] - Se encontró un archivo de configuración válido: Interfaz
14:27:29,028 (main) INFO  [uniandes.isis2304.vacuandes.interfazApp.InterfazVacuandesApp] - Se aplica configuración indicada en el archivo de configuración
14:27:29,084 (main) INFO  [uniandes.isis2304.vacuandes.interfazApp.InterfazVacuandesApp] - Se encontró un archivo de configuración válido: Tablas BD
14:39:47,327 (main) INFO  [uniandes.isis2304.vacuandes.interfazApp.InterfazVacuandesApp] - Se encontró un archivo de configuración válido: Interfaz
14:39:47,329 (main) INFO  [uniandes.isis2304.vacuandes.interfazApp.InterfazVacuandesApp] - Se aplica configuración indicada en el archivo de configuración
14:39:47,423 (main) INFO  [uniandes.isis2304.vacuandes.interfazApp.InterfazVacuandesApp] - Se encontró un archivo de configuración válido: Tablas BD
17:05:05,732 (main) INFO  [uniandes.isis2304.vacuandes.interfazApp.InterfazVacuandesApp] - Se encontró un archivo de configuración válido: Interfaz
17:05:05,734 (main) INFO  [uniandes.isis2304.vacuandes.interfazApp.InterfazVacuandesApp] - Se aplica configuración indicada en el archivo de configuración
17:05:06,056 (main) INFO  [uniandes.isis2304.vacuandes.interfazApp.InterfazVacuandesApp] - Se encontró un archivo de configuración válido: Tablas BD
17:15:44,100 (main) INFO  [uniandes.isis2304.vacuandes.interfazApp.InterfazVacuandesApp] - Se encontró un archivo de configuración válido: Interfaz
17:15:44,102 (main) INFO  [uniandes.isis2304.vacuandes.interfazApp.InterfazVacuandesApp] - Se aplica configuración indicada en el archivo de configuración
17:15:44,189 (main) INFO  [uniandes.isis2304.vacuandes.interfazApp.InterfazVacuandesApp] - Se encontró un archivo de configuración válido: Tablas BD
17:16:33,098 (main) INFO  [uniandes.isis2304.vacuandes.interfazApp.InterfazVacuandesApp] - Se encontró un archivo de configuración válido: Interfaz
17:16:33,100 (main) INFO  [uniandes.isis2304.vacuandes.interfazApp.InterfazVacuandesApp] - Se aplica configuración indicada en el archivo de configuración
17:16:33,162 (main) INFO  [uniandes.isis2304.vacuandes.interfazApp.InterfazVacuandesApp] - Se encontró un archivo de configuración válido: Tablas BD
17:42:20,766 (main) INFO  [uniandes.isis2304.vacuandes.interfazApp.InterfazVacuandesApp] - Se encontró un archivo de configuración válido: Interfaz
17:42:20,769 (main) INFO  [uniandes.isis2304.vacuandes.interfazApp.InterfazVacuandesApp] - Se aplica configuración indicada en el archivo de configuración
17:42:20,826 (main) INFO  [uniandes.isis2304.vacuandes.interfazApp.InterfazVacuandesApp] - Se encontró un archivo de configuración válido: Tablas BD
17:54:09,598 (main) INFO  [uniandes.isis2304.vacuandes.interfazApp.InterfazVacuandesApp] - Se encontró un archivo de configuración válido: Interfaz
17:54:09,599 (main) INFO  [uniandes.isis2304.vacuandes.interfazApp.InterfazVacuandesApp] - Se aplica configuración indicada en el archivo de configuración
17:54:09,649 (main) INFO  [uniandes.isis2304.vacuandes.interfazApp.InterfazVacuandesApp] - Se encontró un archivo de configuración válido: Tablas BD
17:55:42,904 (main) INFO  [uniandes.isis2304.vacuandes.interfazApp.InterfazVacuandesApp] - Se encontró un archivo de configuración válido: Interfaz
17:55:42,906 (main) INFO  [uniandes.isis2304.vacuandes.interfazApp.InterfazVacuandesApp] - Se aplica configuración indicada en el archivo de configuración
17:55:42,964 (main) INFO  [uniandes.isis2304.vacuandes.interfazApp.InterfazVacuandesApp] - Se encontró un archivo de configuración válido: Tablas BD
17:57:27,914 (main) INFO  [uniandes.isis2304.vacuandes.interfazApp.InterfazVacuandesApp] - Se encontró un archivo de configuración válido: Interfaz
17:57:27,916 (main) INFO  [uniandes.isis2304.vacuandes.interfazApp.InterfazVacuandesApp] - Se aplica configuración indicada en el archivo de configuración
17:57:27,981 (main) INFO  [uniandes.isis2304.vacuandes.interfazApp.InterfazVacuandesApp] - Se encontró un archivo de configuración válido: Tablas BD
19:28:13,883 (main) INFO  [uniandes.isis2304.vacuandes.interfazApp.InterfazVacuandesApp] - Se encontró un archivo de configuración válido: Interfaz
19:28:13,885 (main) INFO  [uniandes.isis2304.vacuandes.interfazApp.InterfazVacuandesApp] - Se aplica configuración indicada en el archivo de configuración
19:28:13,931 (main) INFO  [uniandes.isis2304.vacuandes.interfazApp.InterfazVacuandesApp] - Se encontró un archivo de configuración válido: Tablas BD
19:30:28,047 (main) INFO  [uniandes.isis2304.vacuandes.interfazApp.InterfazVacuandesApp] - Se encontró un archivo de configuración válido: Interfaz
19:30:28,048 (main) INFO  [uniandes.isis2304.vacuandes.interfazApp.InterfazVacuandesApp] - Se aplica configuración indicada en el archivo de configuración
19:30:28,321 (main) INFO  [uniandes.isis2304.vacuandes.interfazApp.InterfazVacuandesApp] - Se encontró un archivo de configuración válido: Tablas BD
19:30:48,659 (AWT-EventQueue-0) INFO  [uniandes.isis2304.vacuandes.negocio.Vacuandes] - Iniciando sesion para usuario a.trianaa
19:30:48,726 (AWT-EventQueue-0) ERROR [uniandes.isis2304.vacuandes.persistencia.PersistenciaVacuandes] - Exception : SQL query "SELECT * FROM USUARIO WHERE USERNAME = ? AND CONTRASENA = ?" necesita 2 parametros pero no hay ninguno

19:30:48,731 (AWT-EventQueue-0) INFO  [uniandes.isis2304.vacuandes.negocio.Vacuandes] - Verificado inicio sesion
19:36:08,039 (main) INFO  [uniandes.isis2304.vacuandes.interfazApp.InterfazVacuandesApp] - Se encontró un archivo de configuración válido: Interfaz
19:36:08,042 (main) INFO  [uniandes.isis2304.vacuandes.interfazApp.InterfazVacuandesApp] - Se aplica configuración indicada en el archivo de configuración
19:36:08,243 (main) INFO  [uniandes.isis2304.vacuandes.interfazApp.InterfazVacuandesApp] - Se encontró un archivo de configuración válido: Tablas BD
19:36:22,647 (AWT-EventQueue-0) INFO  [uniandes.isis2304.vacuandes.negocio.Vacuandes] - Iniciando sesion para usuario a.trianaa
19:36:23,086 (AWT-EventQueue-0) ERROR [uniandes.isis2304.vacuandes.persistencia.PersistenciaVacuandes] - Exception : null

19:36:23,087 (AWT-EventQueue-0) INFO  [uniandes.isis2304.vacuandes.negocio.Vacuandes] - Verificado inicio sesion
19:38:17,506 (main) INFO  [uniandes.isis2304.vacuandes.interfazApp.InterfazVacuandesApp] - Se encontró un archivo de configuración válido: Interfaz
19:38:17,507 (main) INFO  [uniandes.isis2304.vacuandes.interfazApp.InterfazVacuandesApp] - Se aplica configuración indicada en el archivo de configuración
19:38:17,562 (main) INFO  [uniandes.isis2304.vacuandes.interfazApp.InterfazVacuandesApp] - Se encontró un archivo de configuración válido: Tablas BD
19:38:34,870 (AWT-EventQueue-0) INFO  [uniandes.isis2304.vacuandes.negocio.Vacuandes] - Iniciando sesion para usuario a.trianaa
19:38:35,267 (AWT-EventQueue-0) ERROR [uniandes.isis2304.vacuandes.persistencia.PersistenciaVacuandes] - Exception : null

19:38:35,268 (AWT-EventQueue-0) INFO  [uniandes.isis2304.vacuandes.negocio.Vacuandes] - Verificado inicio sesion
19:39:59,449 (main) INFO  [uniandes.isis2304.vacuandes.interfazApp.InterfazVacuandesApp] - Se encontró un archivo de configuración válido: Interfaz
19:39:59,450 (main) INFO  [uniandes.isis2304.vacuandes.interfazApp.InterfazVacuandesApp] - Se aplica configuración indicada en el archivo de configuración
19:39:59,508 (main) INFO  [uniandes.isis2304.vacuandes.interfazApp.InterfazVacuandesApp] - Se encontró un archivo de configuración válido: Tablas BD
19:40:14,940 (AWT-EventQueue-0) INFO  [uniandes.isis2304.vacuandes.negocio.Vacuandes] - Iniciando sesion para usuario a.trianaa
19:40:15,337 (AWT-EventQueue-0) ERROR [uniandes.isis2304.vacuandes.persistencia.PersistenciaVacuandes] - Exception : null

19:40:15,339 (AWT-EventQueue-0) INFO  [uniandes.isis2304.vacuandes.negocio.Vacuandes] - Verificado inicio sesion
19:41:02,715 (main) INFO  [uniandes.isis2304.vacuandes.interfazApp.InterfazVacuandesApp] - Se encontró un archivo de configuración válido: Interfaz
19:41:02,716 (main) INFO  [uniandes.isis2304.vacuandes.interfazApp.InterfazVacuandesApp] - Se aplica configuración indicada en el archivo de configuración
19:41:02,780 (main) INFO  [uniandes.isis2304.vacuandes.interfazApp.InterfazVacuandesApp] - Se encontró un archivo de configuración válido: Tablas BD
19:41:14,162 (AWT-EventQueue-0) INFO  [uniandes.isis2304.vacuandes.negocio.Vacuandes] - Iniciando sesion para usuario a.trianaa
19:41:14,535 (AWT-EventQueue-0) ERROR [uniandes.isis2304.vacuandes.persistencia.PersistenciaVacuandes] - Exception : null

19:41:14,537 (AWT-EventQueue-0) INFO  [uniandes.isis2304.vacuandes.negocio.Vacuandes] - Verificado inicio sesion
19:43:04,511 (main) INFO  [uniandes.isis2304.vacuandes.interfazApp.InterfazVacuandesApp] - Se encontró un archivo de configuración válido: Interfaz
19:43:04,512 (main) INFO  [uniandes.isis2304.vacuandes.interfazApp.InterfazVacuandesApp] - Se aplica configuración indicada en el archivo de configuración
19:43:04,556 (main) INFO  [uniandes.isis2304.vacuandes.interfazApp.InterfazVacuandesApp] - Se encontró un archivo de configuración válido: Tablas BD
19:43:14,733 (AWT-EventQueue-0) INFO  [uniandes.isis2304.vacuandes.negocio.Vacuandes] - Iniciando sesion para usuario a.trianaa
19:43:15,156 (AWT-EventQueue-0) ERROR [uniandes.isis2304.vacuandes.persistencia.PersistenciaVacuandes] - Exception : null

19:43:15,158 (AWT-EventQueue-0) INFO  [uniandes.isis2304.vacuandes.negocio.Vacuandes] - Verificado inicio sesion
19:43:56,112 (main) INFO  [uniandes.isis2304.vacuandes.interfazApp.InterfazVacuandesApp] - Se encontró un archivo de configuración válido: Interfaz
19:43:56,113 (main) INFO  [uniandes.isis2304.vacuandes.interfazApp.InterfazVacuandesApp] - Se aplica configuración indicada en el archivo de configuración
19:43:56,179 (main) INFO  [uniandes.isis2304.vacuandes.interfazApp.InterfazVacuandesApp] - Se encontró un archivo de configuración válido: Tablas BD
19:44:11,012 (AWT-EventQueue-0) INFO  [uniandes.isis2304.vacuandes.negocio.Vacuandes] - Iniciando sesion para usuario a.trianaa
19:44:11,415 (AWT-EventQueue-0) ERROR [uniandes.isis2304.vacuandes.persistencia.PersistenciaVacuandes] - Exception : null

19:44:11,417 (AWT-EventQueue-0) INFO  [uniandes.isis2304.vacuandes.negocio.Vacuandes] - Verificado inicio sesion
19:47:46,794 (main) INFO  [uniandes.isis2304.vacuandes.interfazApp.InterfazVacuandesApp] - Se encontró un archivo de configuración válido: Interfaz
19:47:46,795 (main) INFO  [uniandes.isis2304.vacuandes.interfazApp.InterfazVacuandesApp] - Se aplica configuración indicada en el archivo de configuración
19:47:47,044 (main) INFO  [uniandes.isis2304.vacuandes.interfazApp.InterfazVacuandesApp] - Se encontró un archivo de configuración válido: Tablas BD
19:47:57,939 (AWT-EventQueue-0) INFO  [uniandes.isis2304.vacuandes.negocio.Vacuandes] - Iniciando sesion para usuario a.trianaa
19:47:58,403 (AWT-EventQueue-0) INFO  [uniandes.isis2304.vacuandes.negocio.Vacuandes] - Verificado inicio sesion
19:54:08,501 (main) INFO  [uniandes.isis2304.vacuandes.interfazApp.InterfazVacuandesApp] - Se encontró un archivo de configuración válido: Interfaz
19:54:08,502 (main) INFO  [uniandes.isis2304.vacuandes.interfazApp.InterfazVacuandesApp] - Se aplica configuración indicada en el archivo de configuración
19:54:08,558 (main) INFO  [uniandes.isis2304.vacuandes.interfazApp.InterfazVacuandesApp] - Se encontró un archivo de configuración válido: Tablas BD
19:54:19,777 (AWT-EventQueue-0) INFO  [uniandes.isis2304.vacuandes.negocio.Vacuandes] - Iniciando sesion para usuario a.trianaa
19:54:19,822 (AWT-EventQueue-0) INFO  [uniandes.isis2304.vacuandes.persistencia.PersistenciaVacuandes] - Buscando usuario "a.trianaa" con contrasena "contrasena1"
19:54:22,608 (AWT-EventQueue-0) ERROR [uniandes.isis2304.vacuandes.persistencia.PersistenciaVacuandes] - Exception : Cannot invoke "uniandes.isis2304.vacuandes.negocio.Usuario.getUsername()" because "usuario" is null

19:54:22,611 (AWT-EventQueue-0) INFO  [uniandes.isis2304.vacuandes.negocio.Vacuandes] - Verificado inicio sesion
19:57:22,809 (main) INFO  [uniandes.isis2304.vacuandes.interfazApp.InterfazVacuandesApp] - Se encontró un archivo de configuración válido: Interfaz
19:57:22,810 (main) INFO  [uniandes.isis2304.vacuandes.interfazApp.InterfazVacuandesApp] - Se aplica configuración indicada en el archivo de configuración
19:57:22,863 (main) INFO  [uniandes.isis2304.vacuandes.interfazApp.InterfazVacuandesApp] - Se encontró un archivo de configuración válido: Tablas BD
19:57:34,770 (AWT-EventQueue-0) INFO  [uniandes.isis2304.vacuandes.negocio.Vacuandes] - Iniciando sesion para usuario a.trianaa
19:57:34,807 (AWT-EventQueue-0) INFO  [uniandes.isis2304.vacuandes.persistencia.PersistenciaVacuandes] - Buscando usuario "a.trianaa" con contrasena "contrasena1"
19:57:36,187 (AWT-EventQueue-0) ERROR [uniandes.isis2304.vacuandes.persistencia.PersistenciaVacuandes] - Exception : Cannot invoke "uniandes.isis2304.vacuandes.negocio.Usuario.getUsername()" because "usuario" is null

19:57:36,188 (AWT-EventQueue-0) INFO  [uniandes.isis2304.vacuandes.negocio.Vacuandes] - Verificado inicio sesion
20:06:09,185 (main) INFO  [uniandes.isis2304.vacuandes.interfazApp.InterfazVacuandesApp] - Se encontró un archivo de configuración válido: Interfaz
20:06:09,187 (main) INFO  [uniandes.isis2304.vacuandes.interfazApp.InterfazVacuandesApp] - Se aplica configuración indicada en el archivo de configuración
20:06:09,267 (main) INFO  [uniandes.isis2304.vacuandes.interfazApp.InterfazVacuandesApp] - Se encontró un archivo de configuración válido: Tablas BD
20:06:21,340 (AWT-EventQueue-0) INFO  [uniandes.isis2304.vacuandes.negocio.Vacuandes] - Iniciando sesion para usuario a.trianaa
20:06:21,377 (AWT-EventQueue-0) INFO  [uniandes.isis2304.vacuandes.persistencia.PersistenciaVacuandes] - Buscando usuario "a.trianaa" con contrasena "contrasena1"
20:06:22,948 (AWT-EventQueue-0) ERROR [uniandes.isis2304.vacuandes.persistencia.PersistenciaVacuandes] - Exception : Cannot invoke "uniandes.isis2304.vacuandes.negocio.Usuario.getUsername()" because "usuario" is null

20:06:22,950 (AWT-EventQueue-0) INFO  [uniandes.isis2304.vacuandes.negocio.Vacuandes] - Verificado inicio sesion
20:07:11,758 (main) INFO  [uniandes.isis2304.vacuandes.interfazApp.InterfazVacuandesApp] - Se encontró un archivo de configuración válido: Interfaz
20:07:11,760 (main) INFO  [uniandes.isis2304.vacuandes.interfazApp.InterfazVacuandesApp] - Se aplica configuración indicada en el archivo de configuración
20:07:11,887 (main) INFO  [uniandes.isis2304.vacuandes.interfazApp.InterfazVacuandesApp] - Se encontró un archivo de configuración válido: Tablas BD
20:07:20,820 (AWT-EventQueue-0) INFO  [uniandes.isis2304.vacuandes.negocio.Vacuandes] - Iniciando sesion para usuario a.trianaa
20:07:20,854 (AWT-EventQueue-0) INFO  [uniandes.isis2304.vacuandes.persistencia.PersistenciaVacuandes] - Buscando usuario "a.trianaa" con contrasena "contrasena1"
20:07:22,561 (AWT-EventQueue-0) INFO  [uniandes.isis2304.vacuandes.negocio.Vacuandes] - Verificado inicio sesion
20:07:58,370 (main) INFO  [uniandes.isis2304.vacuandes.interfazApp.InterfazVacuandesApp] - Se encontró un archivo de configuración válido: Interfaz
20:07:58,371 (main) INFO  [uniandes.isis2304.vacuandes.interfazApp.InterfazVacuandesApp] - Se aplica configuración indicada en el archivo de configuración
20:07:58,420 (main) INFO  [uniandes.isis2304.vacuandes.interfazApp.InterfazVacuandesApp] - Se encontró un archivo de configuración válido: Tablas BD
20:08:08,165 (AWT-EventQueue-0) INFO  [uniandes.isis2304.vacuandes.negocio.Vacuandes] - Iniciando sesion para usuario a.trianaa
20:08:08,191 (AWT-EventQueue-0) INFO  [uniandes.isis2304.vacuandes.persistencia.PersistenciaVacuandes] - Buscando usuario "a.trianaa" con contrasena "contrasena1"
20:08:08,707 (AWT-EventQueue-0) INFO  [uniandes.isis2304.vacuandes.negocio.Vacuandes] - Verificado inicio sesion
20:11:23,724 (main) INFO  [uniandes.isis2304.vacuandes.interfazApp.InterfazVacuandesApp] - Se encontró un archivo de configuración válido: Interfaz
20:11:23,732 (main) INFO  [uniandes.isis2304.vacuandes.interfazApp.InterfazVacuandesApp] - Se aplica configuración indicada en el archivo de configuración
20:11:23,791 (main) INFO  [uniandes.isis2304.vacuandes.interfazApp.InterfazVacuandesApp] - Se encontró un archivo de configuración válido: Tablas BD
20:11:41,865 (AWT-EventQueue-0) INFO  [uniandes.isis2304.vacuandes.negocio.Vacuandes] - Iniciando sesion para usuario a.trianaa
20:11:41,888 (AWT-EventQueue-0) INFO  [uniandes.isis2304.vacuandes.persistencia.PersistenciaVacuandes] - Buscando usuario "a.trianaa" con contrasena "contrasena1"
20:11:43,172 (AWT-EventQueue-0) INFO  [uniandes.isis2304.vacuandes.negocio.Vacuandes] - Verificado inicio sesion
20:16:24,419 (main) INFO  [uniandes.isis2304.vacuandes.interfazApp.InterfazVacuandesApp] - Se encontró un archivo de configuración válido: Interfaz
20:16:24,420 (main) INFO  [uniandes.isis2304.vacuandes.interfazApp.InterfazVacuandesApp] - Se aplica configuración indicada en el archivo de configuración
20:16:24,661 (main) INFO  [uniandes.isis2304.vacuandes.interfazApp.InterfazVacuandesApp] - Se encontró un archivo de configuración válido: Tablas BD
20:16:33,525 (AWT-EventQueue-0) INFO  [uniandes.isis2304.vacuandes.negocio.Vacuandes] - Iniciando sesion para usuario a
20:16:33,562 (AWT-EventQueue-0) INFO  [uniandes.isis2304.vacuandes.persistencia.PersistenciaVacuandes] - Buscando usuario "a" con contrasena "a"
20:16:33,956 (AWT-EventQueue-0) INFO  [uniandes.isis2304.vacuandes.negocio.Vacuandes] - Verificado inicio sesion
20:17:46,117 (main) INFO  [uniandes.isis2304.vacuandes.interfazApp.InterfazVacuandesApp] - Se encontró un archivo de configuración válido: Interfaz
20:17:46,119 (main) INFO  [uniandes.isis2304.vacuandes.interfazApp.InterfazVacuandesApp] - Se aplica configuración indicada en el archivo de configuración
20:17:46,164 (main) INFO  [uniandes.isis2304.vacuandes.interfazApp.InterfazVacuandesApp] - Se encontró un archivo de configuración válido: Tablas BD
20:17:53,839 (AWT-EventQueue-0) INFO  [uniandes.isis2304.vacuandes.negocio.Vacuandes] - Iniciando sesion para usuario .
20:17:53,861 (AWT-EventQueue-0) INFO  [uniandes.isis2304.vacuandes.persistencia.PersistenciaVacuandes] - Buscando usuario "." con contrasena "."
20:17:54,204 (AWT-EventQueue-0) INFO  [uniandes.isis2304.vacuandes.negocio.Vacuandes] - Verificado inicio sesion
20:19:42,685 (main) INFO  [uniandes.isis2304.vacuandes.interfazApp.InterfazVacuandesApp] - Se encontró un archivo de configuración válido: Interfaz
20:19:42,687 (main) INFO  [uniandes.isis2304.vacuandes.interfazApp.InterfazVacuandesApp] - Se aplica configuración indicada en el archivo de configuración
20:19:42,749 (main) INFO  [uniandes.isis2304.vacuandes.interfazApp.InterfazVacuandesApp] - Se encontró un archivo de configuración válido: Tablas BD
20:19:50,361 (AWT-EventQueue-0) INFO  [uniandes.isis2304.vacuandes.negocio.Vacuandes] - Iniciando sesion para usuario a
20:19:50,401 (AWT-EventQueue-0) INFO  [uniandes.isis2304.vacuandes.persistencia.PersistenciaVacuandes] - Buscando usuario "a" con contrasena ""
20:19:50,744 (AWT-EventQueue-0) ERROR [uniandes.isis2304.vacuandes.persistencia.PersistenciaVacuandes] - Exception : Cannot invoke "java.lang.Long.longValue()" because the return value of "javax.jdo.Query.executeUnique()" is null

20:19:50,783 (AWT-EventQueue-0) INFO  [uniandes.isis2304.vacuandes.negocio.Vacuandes] - Verificado inicio sesion
20:28:12,489 (main) INFO  [uniandes.isis2304.vacuandes.interfazApp.InterfazVacuandesApp] - Se encontró un archivo de configuración válido: Interfaz
20:28:12,492 (main) INFO  [uniandes.isis2304.vacuandes.interfazApp.InterfazVacuandesApp] - Se aplica configuración indicada en el archivo de configuración
20:28:12,540 (main) INFO  [uniandes.isis2304.vacuandes.interfazApp.InterfazVacuandesApp] - Se encontró un archivo de configuración válido: Tablas BD
20:28:38,948 (main) INFO  [uniandes.isis2304.vacuandes.interfazApp.InterfazVacuandesApp] - Se encontró un archivo de configuración válido: Interfaz
20:28:38,950 (main) INFO  [uniandes.isis2304.vacuandes.interfazApp.InterfazVacuandesApp] - Se aplica configuración indicada en el archivo de configuración
20:28:38,999 (main) INFO  [uniandes.isis2304.vacuandes.interfazApp.InterfazVacuandesApp] - Se encontró un archivo de configuración válido: Tablas BD
20:28:59,341 (AWT-EventQueue-0) INFO  [uniandes.isis2304.vacuandes.negocio.Vacuandes] - Iniciando sesion para usuario a.trianaa
20:28:59,379 (AWT-EventQueue-0) INFO  [uniandes.isis2304.vacuandes.persistencia.PersistenciaVacuandes] - Buscando usuario "a.trianaa" con contrasena "contrasena1"
20:28:59,738 (AWT-EventQueue-0) INFO  [uniandes.isis2304.vacuandes.negocio.Vacuandes] - Verificado inicio sesion
20:34:07,799 (main) INFO  [uniandes.isis2304.vacuandes.interfazApp.InterfazVacuandesApp] - Se encontró un archivo de configuración válido: Interfaz
20:34:07,802 (main) INFO  [uniandes.isis2304.vacuandes.interfazApp.InterfazVacuandesApp] - Se aplica configuración indicada en el archivo de configuración
20:34:07,871 (main) INFO  [uniandes.isis2304.vacuandes.interfazApp.InterfazVacuandesApp] - Se encontró un archivo de configuración válido: Tablas BD
20:34:19,026 (AWT-EventQueue-0) INFO  [uniandes.isis2304.vacuandes.negocio.Vacuandes] - Iniciando sesion para usuario a.r
20:34:19,052 (AWT-EventQueue-0) INFO  [uniandes.isis2304.vacuandes.persistencia.PersistenciaVacuandes] - Buscando usuario "a.r" con contrasena "a.r"
20:34:19,446 (AWT-EventQueue-0) INFO  [uniandes.isis2304.vacuandes.negocio.Vacuandes] - Verificado inicio sesion
20:36:12,812 (main) INFO  [uniandes.isis2304.vacuandes.interfazApp.InterfazVacuandesApp] - Se encontró un archivo de configuración válido: Interfaz
20:36:12,813 (main) INFO  [uniandes.isis2304.vacuandes.interfazApp.InterfazVacuandesApp] - Se aplica configuración indicada en el archivo de configuración
20:36:13,001 (main) INFO  [uniandes.isis2304.vacuandes.interfazApp.InterfazVacuandesApp] - Se encontró un archivo de configuración válido: Tablas BD
20:37:07,742 (main) INFO  [uniandes.isis2304.vacuandes.interfazApp.InterfazVacuandesApp] - Se encontró un archivo de configuración válido: Interfaz
20:37:07,743 (main) INFO  [uniandes.isis2304.vacuandes.interfazApp.InterfazVacuandesApp] - Se aplica configuración indicada en el archivo de configuración
20:37:07,795 (main) INFO  [uniandes.isis2304.vacuandes.interfazApp.InterfazVacuandesApp] - Se encontró un archivo de configuración válido: Tablas BD
20:37:17,525 (AWT-EventQueue-0) INFO  [uniandes.isis2304.vacuandes.negocio.Vacuandes] - Iniciando sesion para usuario a.trianaa
20:37:17,570 (AWT-EventQueue-0) INFO  [uniandes.isis2304.vacuandes.persistencia.PersistenciaVacuandes] - Buscando usuario "a.trianaa" con contrasena "contrasena1"
20:37:17,869 (AWT-EventQueue-0) INFO  [uniandes.isis2304.vacuandes.negocio.Vacuandes] - Verificado inicio sesion
20:43:28,685 (main) INFO  [uniandes.isis2304.vacuandes.interfazApp.InterfazVacuandesApp] - Se encontró un archivo de configuración válido: Interfaz
20:43:28,687 (main) INFO  [uniandes.isis2304.vacuandes.interfazApp.InterfazVacuandesApp] - Se aplica configuración indicada en el archivo de configuración
20:43:28,741 (main) INFO  [uniandes.isis2304.vacuandes.interfazApp.InterfazVacuandesApp] - Se encontró un archivo de configuración válido: Tablas BD
20:43:40,296 (AWT-EventQueue-0) INFO  [uniandes.isis2304.vacuandes.negocio.Vacuandes] - Iniciando sesion para usuario a
20:43:40,681 (AWT-EventQueue-0) ERROR [uniandes.isis2304.vacuandes.persistencia.PersistenciaVacuandes] - Exception : Error con la ejecucion de Query de SQL "INSERT INTO MINISTERIO_SALUD(plan_de_vacunacion) values (?)".
ORA-00942: la tabla o vista no existe

20:43:40,721 (AWT-EventQueue-0) INFO  [uniandes.isis2304.vacuandes.negocio.Vacuandes] - Verificado inicio sesion
20:47:03,506 (main) INFO  [uniandes.isis2304.vacuandes.interfazApp.InterfazVacuandesApp] - Se encontró un archivo de configuración válido: Interfaz
20:47:03,507 (main) INFO  [uniandes.isis2304.vacuandes.interfazApp.InterfazVacuandesApp] - Se aplica configuración indicada en el archivo de configuración
20:47:03,583 (main) INFO  [uniandes.isis2304.vacuandes.interfazApp.InterfazVacuandesApp] - Se encontró un archivo de configuración válido: Tablas BD
20:47:12,892 (AWT-EventQueue-0) INFO  [uniandes.isis2304.vacuandes.negocio.Vacuandes] - Iniciando sesion para usuario a.trianaa
20:47:13,319 (AWT-EventQueue-0) ERROR [uniandes.isis2304.vacuandes.persistencia.PersistenciaVacuandes] - Exception : Error con la ejecucion de Query de SQL "INSERT INTO MINISTERIO_SALUD(plan_de_vacunacion) values (?)".
ORA-00942: la tabla o vista no existe

20:47:13,381 (AWT-EventQueue-0) INFO  [uniandes.isis2304.vacuandes.negocio.Vacuandes] - Verificado inicio sesion
20:47:42,205 (AWT-EventQueue-0) INFO  [uniandes.isis2304.vacuandes.negocio.Vacuandes] - Iniciando sesion para usuario a
20:48:00,920 (AWT-EventQueue-0) ERROR [uniandes.isis2304.vacuandes.persistencia.PersistenciaVacuandes] - Exception : Error con la ejecucion de Query de SQL "INSERT INTO MINISTERIO_SALUD(plan_de_vacunacion) values (?)".
Conexión cerrada
20:48:00,933 (AWT-EventQueue-0) INFO  [uniandes.isis2304.vacuandes.negocio.Vacuandes] - Verificado inicio sesion
20:49:38,291 (main) INFO  [uniandes.isis2304.vacuandes.interfazApp.InterfazVacuandesApp] - Se encontró un archivo de configuración válido: Interfaz
20:49:38,292 (main) INFO  [uniandes.isis2304.vacuandes.interfazApp.InterfazVacuandesApp] - Se aplica configuración indicada en el archivo de configuración
20:49:38,573 (main) INFO  [uniandes.isis2304.vacuandes.interfazApp.InterfazVacuandesApp] - Se encontró un archivo de configuración válido: Tablas BD
20:49:48,292 (AWT-EventQueue-0) INFO  [uniandes.isis2304.vacuandes.negocio.Vacuandes] - Iniciando sesion para usuario a
20:51:07,224 (main) INFO  [uniandes.isis2304.vacuandes.interfazApp.InterfazVacuandesApp] - Se encontró un archivo de configuración válido: Interfaz
20:51:07,227 (main) INFO  [uniandes.isis2304.vacuandes.interfazApp.InterfazVacuandesApp] - Se aplica configuración indicada en el archivo de configuración
20:51:07,338 (main) INFO  [uniandes.isis2304.vacuandes.interfazApp.InterfazVacuandesApp] - Se encontró un archivo de configuración válido: Tablas BD
20:51:15,914 (AWT-EventQueue-0) INFO  [uniandes.isis2304.vacuandes.negocio.Vacuandes] - Iniciando sesion para usuario a
20:53:25,476 (main) INFO  [uniandes.isis2304.vacuandes.interfazApp.InterfazVacuandesApp] - Se encontró un archivo de configuración válido: Interfaz
20:53:25,478 (main) INFO  [uniandes.isis2304.vacuandes.interfazApp.InterfazVacuandesApp] - Se aplica configuración indicada en el archivo de configuración
20:53:25,535 (main) INFO  [uniandes.isis2304.vacuandes.interfazApp.InterfazVacuandesApp] - Se encontró un archivo de configuración válido: Tablas BD
20:53:34,397 (AWT-EventQueue-0) INFO  [uniandes.isis2304.vacuandes.negocio.Vacuandes] - Iniciando sesion para usuario a
20:56:24,169 (main) INFO  [uniandes.isis2304.vacuandes.interfazApp.InterfazVacuandesApp] - Se encontró un archivo de configuración válido: Interfaz
20:56:24,171 (main) INFO  [uniandes.isis2304.vacuandes.interfazApp.InterfazVacuandesApp] - Se aplica configuración indicada en el archivo de configuración
20:56:24,230 (main) INFO  [uniandes.isis2304.vacuandes.interfazApp.InterfazVacuandesApp] - Se encontró un archivo de configuración válido: Tablas BD
20:56:34,952 (AWT-EventQueue-0) INFO  [uniandes.isis2304.vacuandes.negocio.Vacuandes] - Iniciando sesion para usuario a
21:08:46,749 (main) INFO  [uniandes.isis2304.vacuandes.interfazApp.InterfazVacuandesApp] - Se encontró un archivo de configuración válido: Interfaz
21:08:46,751 (main) INFO  [uniandes.isis2304.vacuandes.interfazApp.InterfazVacuandesApp] - Se aplica configuración indicada en el archivo de configuración
21:08:46,983 (main) INFO  [uniandes.isis2304.vacuandes.interfazApp.InterfazVacuandesApp] - Se encontró un archivo de configuración válido: Tablas BD
21:08:58,224 (AWT-EventQueue-0) INFO  [uniandes.isis2304.vacuandes.negocio.Vacuandes] - Iniciando sesion para usuario a.trianaa
21:08:59,207 (AWT-EventQueue-0) INFO  [uniandes.isis2304.vacuandes.negocio.Vacuandes] - Verificado inicio sesion
21:22:35,990 (main) INFO  [uniandes.isis2304.vacuandes.interfazApp.InterfazVacuandesApp] - Se encontró un archivo de configuración válido: Interfaz
21:22:35,992 (main) INFO  [uniandes.isis2304.vacuandes.interfazApp.InterfazVacuandesApp] - Se aplica configuración indicada en el archivo de configuración
21:22:36,504 (main) INFO  [uniandes.isis2304.vacuandes.interfazApp.InterfazVacuandesApp] - Se encontró un archivo de configuración válido: Tablas BD
21:22:45,516 (AWT-EventQueue-0) INFO  [uniandes.isis2304.vacuandes.negocio.Vacuandes] - Iniciando sesion para usuario a
21:22:45,559 (AWT-EventQueue-0) INFO  [uniandes.isis2304.vacuandes.persistencia.PersistenciaVacuandes] - Buscando usuario "a" con contrasena "a"
21:22:45,889 (AWT-EventQueue-0) ERROR [uniandes.isis2304.vacuandes.persistencia.PersistenciaVacuandes] - Exception : El Query tenia que devolver objetos de tipo "uniandes.isis2304.vacuandes.negocio.Usuario" pero era imposible crear nueva instancia de este tipo! La clase de resultado necesita un constructor sin argumentos.

21:22:45,933 (AWT-EventQueue-0) INFO  [uniandes.isis2304.vacuandes.negocio.Vacuandes] - Verificado inicio sesion
21:24:35,121 (main) INFO  [uniandes.isis2304.vacuandes.interfazApp.InterfazVacuandesApp] - Se encontró un archivo de configuración válido: Interfaz
21:24:35,122 (main) INFO  [uniandes.isis2304.vacuandes.interfazApp.InterfazVacuandesApp] - Se aplica configuración indicada en el archivo de configuración
21:24:35,168 (main) INFO  [uniandes.isis2304.vacuandes.interfazApp.InterfazVacuandesApp] - Se encontró un archivo de configuración válido: Tablas BD
21:24:45,101 (AWT-EventQueue-0) INFO  [uniandes.isis2304.vacuandes.negocio.Vacuandes] - Iniciando sesion para usuario a
21:24:45,125 (AWT-EventQueue-0) INFO  [uniandes.isis2304.vacuandes.persistencia.PersistenciaVacuandes] - Buscando usuario "a" con contrasena "a"
21:24:45,724 (AWT-EventQueue-0) ERROR [uniandes.isis2304.vacuandes.persistencia.PersistenciaVacuandes] - Exception : El Query tenia que devolver objetos de tipo "uniandes.isis2304.vacuandes.negocio.Usuario" pero era imposible crear nueva instancia de este tipo! La clase de resultado necesita un constructor sin argumentos.

21:24:45,764 (AWT-EventQueue-0) INFO  [uniandes.isis2304.vacuandes.negocio.Vacuandes] - Verificado inicio sesion
21:25:53,889 (main) INFO  [uniandes.isis2304.vacuandes.interfazApp.InterfazVacuandesApp] - Se encontró un archivo de configuración válido: Interfaz
21:25:53,892 (main) INFO  [uniandes.isis2304.vacuandes.interfazApp.InterfazVacuandesApp] - Se aplica configuración indicada en el archivo de configuración
21:25:53,935 (main) INFO  [uniandes.isis2304.vacuandes.interfazApp.InterfazVacuandesApp] - Se encontró un archivo de configuración válido: Tablas BD
21:26:04,382 (AWT-EventQueue-0) INFO  [uniandes.isis2304.vacuandes.negocio.Vacuandes] - Iniciando sesion para usuario a.
21:26:04,404 (AWT-EventQueue-0) INFO  [uniandes.isis2304.vacuandes.persistencia.PersistenciaVacuandes] - Buscando usuario "a." con contrasena "a."
21:26:05,192 (AWT-EventQueue-0) INFO  [uniandes.isis2304.vacuandes.negocio.Vacuandes] - Verificado inicio sesion
21:27:39,988 (main) INFO  [uniandes.isis2304.vacuandes.interfazApp.InterfazVacuandesApp] - Se encontró un archivo de configuración válido: Interfaz
21:27:39,990 (main) INFO  [uniandes.isis2304.vacuandes.interfazApp.InterfazVacuandesApp] - Se aplica configuración indicada en el archivo de configuración
21:27:40,035 (main) INFO  [uniandes.isis2304.vacuandes.interfazApp.InterfazVacuandesApp] - Se encontró un archivo de configuración válido: Tablas BD
21:27:50,182 (AWT-EventQueue-0) INFO  [uniandes.isis2304.vacuandes.negocio.Vacuandes] - Iniciando sesion para usuario a.trianaa
21:27:50,215 (AWT-EventQueue-0) INFO  [uniandes.isis2304.vacuandes.persistencia.PersistenciaVacuandes] - Buscando usuario "a.trianaa" con contrasena "contrasena1"
21:27:50,607 (AWT-EventQueue-0) INFO  [uniandes.isis2304.vacuandes.negocio.Vacuandes] - Verificado inicio sesion
21:27:58,857 (AWT-EventQueue-0) INFO  [uniandes.isis2304.vacuandes.negocio.Vacuandes] - Iniciando sesion para usuario hola
21:27:58,858 (AWT-EventQueue-0) INFO  [uniandes.isis2304.vacuandes.persistencia.PersistenciaVacuandes] - Buscando usuario "hola" con contrasena "hasdfhkjdsa"
21:27:58,923 (AWT-EventQueue-0) INFO  [uniandes.isis2304.vacuandes.negocio.Vacuandes] - Verificado inicio sesion
21:37:16,786 (main) INFO  [uniandes.isis2304.vacuandes.interfazApp.InterfazVacuandesApp] - Se encontró un archivo de configuración válido: Interfaz
21:37:16,787 (main) INFO  [uniandes.isis2304.vacuandes.interfazApp.InterfazVacuandesApp] - Se aplica configuración indicada en el archivo de configuración
21:37:16,950 (main) INFO  [uniandes.isis2304.vacuandes.interfazApp.InterfazVacuandesApp] - Se encontró un archivo de configuración válido: Tablas BD
21:37:32,696 (AWT-EventQueue-0) INFO  [uniandes.isis2304.vacuandes.negocio.Vacuandes] - Iniciando sesion para usuario a.trianaa
21:37:32,719 (AWT-EventQueue-0) INFO  [uniandes.isis2304.vacuandes.persistencia.PersistenciaVacuandes] - Buscando usuario "a.trianaa" con contrasena "cfasdf"
21:37:33,050 (AWT-EventQueue-0) INFO  [uniandes.isis2304.vacuandes.persistencia.PersistenciaVacuandes] - Usuario buscado "a.trianaa" con contrasena "contrasena1"
21:37:33,051 (AWT-EventQueue-0) INFO  [uniandes.isis2304.vacuandes.negocio.Vacuandes] - Verificado inicio sesion
21:37:40,961 (AWT-EventQueue-0) INFO  [uniandes.isis2304.vacuandes.negocio.Vacuandes] - Iniciando sesion para usuario a.trianaa
21:37:40,962 (AWT-EventQueue-0) INFO  [uniandes.isis2304.vacuandes.persistencia.PersistenciaVacuandes] - Buscando usuario "a.trianaa" con contrasena "contrasena1"
21:37:41,022 (AWT-EventQueue-0) INFO  [uniandes.isis2304.vacuandes.persistencia.PersistenciaVacuandes] - Usuario buscado "a.trianaa" con contrasena "contrasena1"
21:37:41,022 (AWT-EventQueue-0) INFO  [uniandes.isis2304.vacuandes.negocio.Vacuandes] - Verificado inicio sesion
<<<<<<< Updated upstream
22:37:43,461 (main) INFO  [uniandes.isis2304.vacuandes.interfazApp.InterfazVacuandesApp] - Se encontró un archivo de configuración válido: Interfaz
22:37:43,461 (main) INFO  [uniandes.isis2304.vacuandes.interfazApp.InterfazVacuandesApp] - Se aplica configuración indicada en el archivo de configuración
22:37:43,483 (main) INFO  [uniandes.isis2304.vacuandes.interfazApp.InterfazVacuandesApp] - Se encontró un archivo de configuración válido: Tablas BD
22:38:06,645 (AWT-EventQueue-0) INFO  [uniandes.isis2304.vacuandes.negocio.Vacuandes] - Iniciando sesion para usuario j.ramirezb
22:38:06,683 (AWT-EventQueue-0) INFO  [uniandes.isis2304.vacuandes.persistencia.PersistenciaVacuandes] - Buscando usuario "j.ramirezb" con contrasena "contrasena2"
22:38:06,887 (AWT-EventQueue-0) INFO  [uniandes.isis2304.vacuandes.persistencia.PersistenciaVacuandes] - Usuario buscado "j.ramirezb" con contrasena "contrasena2"
22:38:06,887 (AWT-EventQueue-0) INFO  [uniandes.isis2304.vacuandes.negocio.Vacuandes] - Verificado inicio sesion
=======
22:44:51,965 (main) INFO  [uniandes.isis2304.vacuandes.interfazApp.InterfazVacuandesApp] - Se encontró un archivo de configuración válido: Interfaz
22:44:51,966 (main) INFO  [uniandes.isis2304.vacuandes.interfazApp.InterfazVacuandesApp] - Se aplica configuración indicada en el archivo de configuración
22:44:52,031 (main) INFO  [uniandes.isis2304.vacuandes.interfazApp.InterfazVacuandesApp] - Se encontró un archivo de configuración válido: Tablas BD
>>>>>>> Stashed changes
22:53:30,063 (main) INFO  [uniandes.isis2304.vacuandes.interfazApp.InterfazVacuandesApp] - Se encontró un archivo de configuración válido: Interfaz
22:53:30,115 (main) INFO  [uniandes.isis2304.vacuandes.interfazApp.InterfazVacuandesApp] - Se aplica configuración indicada en el archivo de configuración
22:53:30,206 (main) INFO  [uniandes.isis2304.vacuandes.interfazApp.InterfazVacuandesApp] - Se encontró un archivo de configuración válido: Tablas BD
22:54:46,214 (AWT-EventQueue-0) INFO  [uniandes.isis2304.vacuandes.negocio.Vacuandes] - Iniciando sesion para usuario a.trianaa
22:54:46,265 (AWT-EventQueue-0) INFO  [uniandes.isis2304.vacuandes.persistencia.PersistenciaVacuandes] - Buscando usuario "a.trianaa" con contrasena "contrasena1"
22:54:46,865 (AWT-EventQueue-0) INFO  [uniandes.isis2304.vacuandes.persistencia.PersistenciaVacuandes] - Usuario buscado "a.trianaa" con contrasena "contrasena1"
22:54:46,867 (AWT-EventQueue-0) INFO  [uniandes.isis2304.vacuandes.negocio.Vacuandes] - Verificado inicio sesion
22:54:48,442 (AWT-EventQueue-0) INFO  [uniandes.isis2304.vacuandes.negocio.Vacuandes] - Buscando trabjador de cedula: 1001168160
22:54:48,444 (AWT-EventQueue-0) INFO  [uniandes.isis2304.vacuandes.persistencia.PersistenciaVacuandes] - Buscando el trabajo de la cedula 1001168160
22:54:48,725 (AWT-EventQueue-0) ERROR [uniandes.isis2304.vacuandes.persistencia.PersistenciaVacuandes] - Exception : El Query tenia que devolver objetos de tipo "uniandes.isis2304.vacuandes.negocio.Trabajador" pero era imposible poner el valor al campo "ADMINISTRADOR_VACUANDES"  tipo "java.math.BigDecimal". El campo debe tener un metodo publico set/put o ser publico.

22:54:48,765 (AWT-EventQueue-0) INFO  [uniandes.isis2304.vacuandes.negocio.Vacuandes] - Trabajo verificado
22:57:44,518 (main) INFO  [uniandes.isis2304.vacuandes.interfazApp.InterfazVacuandesApp] - Se encontró un archivo de configuración válido: Interfaz
22:57:44,520 (main) INFO  [uniandes.isis2304.vacuandes.interfazApp.InterfazVacuandesApp] - Se aplica configuración indicada en el archivo de configuración
22:57:44,569 (main) INFO  [uniandes.isis2304.vacuandes.interfazApp.InterfazVacuandesApp] - Se encontró un archivo de configuración válido: Tablas BD
22:58:23,083 (AWT-EventQueue-0) INFO  [uniandes.isis2304.vacuandes.negocio.Vacuandes] - Iniciando sesion para usuario a.trianaa
22:58:23,120 (AWT-EventQueue-0) INFO  [uniandes.isis2304.vacuandes.persistencia.PersistenciaVacuandes] - Buscando usuario "a.trianaa" con contrasena "contrasena1"
22:58:23,543 (AWT-EventQueue-0) INFO  [uniandes.isis2304.vacuandes.persistencia.PersistenciaVacuandes] - Usuario buscado "a.trianaa" con contrasena "contrasena1"
22:58:23,544 (AWT-EventQueue-0) INFO  [uniandes.isis2304.vacuandes.negocio.Vacuandes] - Verificado inicio sesion
22:58:24,863 (AWT-EventQueue-0) INFO  [uniandes.isis2304.vacuandes.negocio.Vacuandes] - Buscando trabjador de cedula: 1001168160
22:58:24,864 (AWT-EventQueue-0) INFO  [uniandes.isis2304.vacuandes.persistencia.PersistenciaVacuandes] - Buscando el trabajo de la cedula 1001168160
22:58:24,926 (AWT-EventQueue-0) INFO  [uniandes.isis2304.vacuandes.persistencia.PersistenciaVacuandes] - Trabajador buscado por cedula 1001168160
22:58:24,926 (AWT-EventQueue-0) INFO  [uniandes.isis2304.vacuandes.negocio.Vacuandes] - Trabajo verificado
<<<<<<< Updated upstream
23:56:31,603 (main) INFO  [uniandes.isis2304.vacuandes.interfazApp.InterfazVacuandesApp] - Se encontró un archivo de configuración válido: Interfaz
23:56:31,604 (main) INFO  [uniandes.isis2304.vacuandes.interfazApp.InterfazVacuandesApp] - Se aplica configuración indicada en el archivo de configuración
23:56:31,622 (main) INFO  [uniandes.isis2304.vacuandes.interfazApp.InterfazVacuandesApp] - Se encontró un archivo de configuración válido: Tablas BD
23:56:50,074 (AWT-EventQueue-0) INFO  [uniandes.isis2304.vacuandes.negocio.Vacuandes] - Iniciando sesion para usuario a.trianaa
23:56:50,091 (AWT-EventQueue-0) INFO  [uniandes.isis2304.vacuandes.persistencia.PersistenciaVacuandes] - Buscando usuario "a.trianaa" con contrasena "contrasena1"
23:56:50,247 (AWT-EventQueue-0) INFO  [uniandes.isis2304.vacuandes.persistencia.PersistenciaVacuandes] - Usuario buscado "a.trianaa" con contrasena "contrasena1"
23:56:50,248 (AWT-EventQueue-0) INFO  [uniandes.isis2304.vacuandes.negocio.Vacuandes] - Verificado inicio sesion
23:56:52,861 (AWT-EventQueue-0) INFO  [uniandes.isis2304.vacuandes.negocio.Vacuandes] - Buscando trabjador de cedula: 1001168160
23:56:52,862 (AWT-EventQueue-0) INFO  [uniandes.isis2304.vacuandes.persistencia.PersistenciaVacuandes] - Buscando el trabajo de la cedula 1001168160
23:56:52,894 (AWT-EventQueue-0) INFO  [uniandes.isis2304.vacuandes.persistencia.PersistenciaVacuandes] - Trabajador buscado por cedula 1001168160
23:56:52,895 (AWT-EventQueue-0) INFO  [uniandes.isis2304.vacuandes.negocio.Vacuandes] - Trabajo verificado
=======
23:51:09,155 (main) INFO  [uniandes.isis2304.vacuandes.interfazApp.InterfazVacuandesApp] - Se encontró un archivo de configuración válido: Interfaz
23:51:09,157 (main) INFO  [uniandes.isis2304.vacuandes.interfazApp.InterfazVacuandesApp] - Se aplica configuración indicada en el archivo de configuración
23:51:09,211 (main) INFO  [uniandes.isis2304.vacuandes.interfazApp.InterfazVacuandesApp] - Se encontró un archivo de configuración válido: Tablas BD
23:51:24,438 (AWT-EventQueue-0) INFO  [uniandes.isis2304.vacuandes.negocio.Vacuandes] - Iniciando sesion para usuario a.trianaa
23:51:24,479 (AWT-EventQueue-0) INFO  [uniandes.isis2304.vacuandes.persistencia.PersistenciaVacuandes] - Buscando usuario "a.trianaa" con contrasena "contrasena1"
23:51:24,835 (AWT-EventQueue-0) ERROR [uniandes.isis2304.vacuandes.persistencia.PersistenciaVacuandes] - Exception : Error con la ejecucion de Query de SQL "SELECT * FROM TRABAJADOR WHERE USERNAME = ?".
ORA-00904: "USERNAME": identificador no válido

23:51:24,871 (AWT-EventQueue-0) INFO  [uniandes.isis2304.vacuandes.negocio.Vacuandes] - Verificado inicio sesion
23:51:38,562 (AWT-EventQueue-0) INFO  [uniandes.isis2304.vacuandes.negocio.Vacuandes] - Iniciando sesion para usuario a.trianaa
23:51:38,563 (AWT-EventQueue-0) INFO  [uniandes.isis2304.vacuandes.persistencia.PersistenciaVacuandes] - Buscando usuario "a.trianaa" con contrasena "contrasena1"
23:51:38,620 (AWT-EventQueue-0) ERROR [uniandes.isis2304.vacuandes.persistencia.PersistenciaVacuandes] - Exception : Error con la ejecucion de Query de SQL "SELECT * FROM TRABAJADOR WHERE USERNAME = ?".
ORA-00904: "USERNAME": identificador no válido

23:51:38,668 (AWT-EventQueue-0) INFO  [uniandes.isis2304.vacuandes.negocio.Vacuandes] - Verificado inicio sesion
23:51:57,740 (AWT-EventQueue-0) INFO  [uniandes.isis2304.vacuandes.negocio.Vacuandes] - Iniciando sesion para usuario a.trianaa
23:51:57,741 (AWT-EventQueue-0) INFO  [uniandes.isis2304.vacuandes.persistencia.PersistenciaVacuandes] - Buscando usuario "a.trianaa" con contrasena "contrasena1"
23:51:57,786 (AWT-EventQueue-0) ERROR [uniandes.isis2304.vacuandes.persistencia.PersistenciaVacuandes] - Exception : Error con la ejecucion de Query de SQL "SELECT * FROM TRABAJADOR WHERE USERNAME = ?".
ORA-00904: "USERNAME": identificador no válido

23:51:57,825 (AWT-EventQueue-0) INFO  [uniandes.isis2304.vacuandes.negocio.Vacuandes] - Verificado inicio sesion
23:52:11,673 (AWT-EventQueue-0) INFO  [uniandes.isis2304.vacuandes.negocio.Vacuandes] - Iniciando sesion para usuario a.trianaa
23:52:11,674 (AWT-EventQueue-0) INFO  [uniandes.isis2304.vacuandes.persistencia.PersistenciaVacuandes] - Buscando usuario "a.trianaa" con contrasena "contrasena1"
23:52:11,727 (AWT-EventQueue-0) ERROR [uniandes.isis2304.vacuandes.persistencia.PersistenciaVacuandes] - Exception : Error con la ejecucion de Query de SQL "SELECT * FROM TRABAJADOR WHERE USERNAME = ?".
ORA-00904: "USERNAME": identificador no válido

23:52:11,765 (AWT-EventQueue-0) INFO  [uniandes.isis2304.vacuandes.negocio.Vacuandes] - Verificado inicio sesion
23:53:21,823 (AWT-EventQueue-0) INFO  [uniandes.isis2304.vacuandes.negocio.Vacuandes] - Iniciando sesion para usuario a.trianaa
23:53:21,824 (AWT-EventQueue-0) INFO  [uniandes.isis2304.vacuandes.persistencia.PersistenciaVacuandes] - Buscando usuario "a.trianaa" con contrasena "contrasena1"
23:53:21,889 (AWT-EventQueue-0) ERROR [uniandes.isis2304.vacuandes.persistencia.PersistenciaVacuandes] - Exception : Error con la ejecucion de Query de SQL "SELECT * FROM TRABAJADOR WHERE USERNAME = ?".
ORA-00904: "USERNAME": identificador no válido

23:53:21,957 (AWT-EventQueue-0) INFO  [uniandes.isis2304.vacuandes.negocio.Vacuandes] - Verificado inicio sesion
23:56:45,147 (main) INFO  [uniandes.isis2304.vacuandes.interfazApp.InterfazVacuandesApp] - Se encontró un archivo de configuración válido: Interfaz
23:56:45,149 (main) INFO  [uniandes.isis2304.vacuandes.interfazApp.InterfazVacuandesApp] - Se aplica configuración indicada en el archivo de configuración
23:56:45,194 (main) INFO  [uniandes.isis2304.vacuandes.interfazApp.InterfazVacuandesApp] - Se encontró un archivo de configuración válido: Tablas BD
23:57:05,055 (AWT-EventQueue-0) INFO  [uniandes.isis2304.vacuandes.negocio.Vacuandes] - Iniciando sesion para usuario a.trianaa
23:57:05,094 (AWT-EventQueue-0) INFO  [uniandes.isis2304.vacuandes.persistencia.PersistenciaVacuandes] - Buscando usuario "a.trianaa" con contrasena "contrasena1"
23:57:06,121 (AWT-EventQueue-0) ERROR [uniandes.isis2304.vacuandes.persistencia.PersistenciaVacuandes] - Exception : Error con la ejecucion de Query de SQL "SELECT * FROM TRABAJADOR WHERE USERNAME = ?".
ORA-00904: "USERNAME": identificador no válido

23:57:06,211 (AWT-EventQueue-0) INFO  [uniandes.isis2304.vacuandes.negocio.Vacuandes] - Verificado inicio sesion
23:57:45,104 (main) INFO  [uniandes.isis2304.vacuandes.interfazApp.InterfazVacuandesApp] - Se encontró un archivo de configuración válido: Interfaz
23:57:45,106 (main) INFO  [uniandes.isis2304.vacuandes.interfazApp.InterfazVacuandesApp] - Se aplica configuración indicada en el archivo de configuración
23:57:45,183 (main) INFO  [uniandes.isis2304.vacuandes.interfazApp.InterfazVacuandesApp] - Se encontró un archivo de configuración válido: Tablas BD
23:57:55,272 (AWT-EventQueue-0) INFO  [uniandes.isis2304.vacuandes.negocio.Vacuandes] - Iniciando sesion para usuario a.trianaa
23:57:55,293 (AWT-EventQueue-0) INFO  [uniandes.isis2304.vacuandes.persistencia.PersistenciaVacuandes] - Buscando usuario "a.trianaa" con contrasena "contrasena1"
23:57:55,884 (AWT-EventQueue-0) INFO  [uniandes.isis2304.vacuandes.persistencia.PersistenciaVacuandes] - Usuario buscado "a.trianaa" con contrasena "contrasena1"
23:57:55,885 (AWT-EventQueue-0) INFO  [uniandes.isis2304.vacuandes.negocio.Vacuandes] - Verificado inicio sesion
23:57:57,681 (AWT-EventQueue-0) INFO  [uniandes.isis2304.vacuandes.negocio.Vacuandes] - Buscando trabjador de cedula: 1001168160
23:57:57,682 (AWT-EventQueue-0) INFO  [uniandes.isis2304.vacuandes.persistencia.PersistenciaVacuandes] - Buscando el trabajo de la cedula 1001168160
23:57:57,816 (AWT-EventQueue-0) INFO  [uniandes.isis2304.vacuandes.persistencia.PersistenciaVacuandes] - Trabajador buscado por cedula 1001168160
23:57:57,816 (AWT-EventQueue-0) INFO  [uniandes.isis2304.vacuandes.negocio.Vacuandes] - Trabajo verificado
00:03:12,077 (main) INFO  [uniandes.isis2304.vacuandes.interfazApp.InterfazVacuandesApp] - Se encontró un archivo de configuración válido: Interfaz
00:03:12,078 (main) INFO  [uniandes.isis2304.vacuandes.interfazApp.InterfazVacuandesApp] - Se aplica configuración indicada en el archivo de configuración
00:03:12,138 (main) INFO  [uniandes.isis2304.vacuandes.interfazApp.InterfazVacuandesApp] - Se encontró un archivo de configuración válido: Tablas BD
00:03:22,046 (AWT-EventQueue-0) INFO  [uniandes.isis2304.vacuandes.negocio.Vacuandes] - Iniciando sesion para usuario a.trianaa
00:03:22,084 (AWT-EventQueue-0) INFO  [uniandes.isis2304.vacuandes.persistencia.PersistenciaVacuandes] - Buscando usuario "a.trianaa" con contrasena "contrasena1"
00:03:22,454 (AWT-EventQueue-0) INFO  [uniandes.isis2304.vacuandes.persistencia.PersistenciaVacuandes] - Usuario buscado "a.trianaa" con contrasena "contrasena1"
00:03:22,456 (AWT-EventQueue-0) INFO  [uniandes.isis2304.vacuandes.negocio.Vacuandes] - Verificado inicio sesion
00:03:23,314 (AWT-EventQueue-0) INFO  [uniandes.isis2304.vacuandes.negocio.Vacuandes] - Buscando trabjador de cedula: 1001168160
00:03:23,315 (AWT-EventQueue-0) INFO  [uniandes.isis2304.vacuandes.persistencia.PersistenciaVacuandes] - Buscando el trabajo de la cedula 1001168160
00:03:23,381 (AWT-EventQueue-0) INFO  [uniandes.isis2304.vacuandes.persistencia.PersistenciaVacuandes] - Trabajador buscado por cedula 1001168160
00:03:23,383 (AWT-EventQueue-0) INFO  [uniandes.isis2304.vacuandes.negocio.Vacuandes] - Trabajo verificado
00:03:59,700 (main) INFO  [uniandes.isis2304.vacuandes.interfazApp.InterfazVacuandesApp] - Se encontró un archivo de configuración válido: Interfaz
00:03:59,702 (main) INFO  [uniandes.isis2304.vacuandes.interfazApp.InterfazVacuandesApp] - Se aplica configuración indicada en el archivo de configuración
00:03:59,765 (main) INFO  [uniandes.isis2304.vacuandes.interfazApp.InterfazVacuandesApp] - Se encontró un archivo de configuración válido: Tablas BD
00:04:04,791 (main) INFO  [uniandes.isis2304.vacuandes.interfazApp.InterfazVacuandesApp] - Se encontró un archivo de configuración válido: Interfaz
00:04:04,793 (main) INFO  [uniandes.isis2304.vacuandes.interfazApp.InterfazVacuandesApp] - Se aplica configuración indicada en el archivo de configuración
00:04:04,896 (main) INFO  [uniandes.isis2304.vacuandes.interfazApp.InterfazVacuandesApp] - Se encontró un archivo de configuración válido: Tablas BD
00:04:21,766 (AWT-EventQueue-0) INFO  [uniandes.isis2304.vacuandes.negocio.Vacuandes] - Iniciando sesion para usuario a.trianaa
00:04:21,787 (AWT-EventQueue-0) INFO  [uniandes.isis2304.vacuandes.persistencia.PersistenciaVacuandes] - Buscando usuario "a.trianaa" con contrasena "contrasena1"
00:04:22,154 (AWT-EventQueue-0) INFO  [uniandes.isis2304.vacuandes.persistencia.PersistenciaVacuandes] - Usuario buscado "a.trianaa" con contrasena "contrasena1"
00:04:22,155 (AWT-EventQueue-0) INFO  [uniandes.isis2304.vacuandes.negocio.Vacuandes] - Verificado inicio sesion
00:04:24,896 (AWT-EventQueue-0) INFO  [uniandes.isis2304.vacuandes.negocio.Vacuandes] - Buscando trabjador de cedula: 1001168160
00:04:24,897 (AWT-EventQueue-0) INFO  [uniandes.isis2304.vacuandes.persistencia.PersistenciaVacuandes] - Buscando el trabajo de la cedula 1001168160
00:04:24,965 (AWT-EventQueue-0) INFO  [uniandes.isis2304.vacuandes.persistencia.PersistenciaVacuandes] - Trabajador buscado por cedula 1001168160
00:04:24,966 (AWT-EventQueue-0) INFO  [uniandes.isis2304.vacuandes.negocio.Vacuandes] - Trabajo verificado
00:14:01,958 (main) INFO  [uniandes.isis2304.vacuandes.interfazApp.InterfazVacuandesApp] - Se encontró un archivo de configuración válido: Interfaz
00:14:01,959 (main) INFO  [uniandes.isis2304.vacuandes.interfazApp.InterfazVacuandesApp] - Se aplica configuración indicada en el archivo de configuración
00:14:02,055 (main) INFO  [uniandes.isis2304.vacuandes.interfazApp.InterfazVacuandesApp] - Se encontró un archivo de configuración válido: Tablas BD
00:14:17,774 (main) INFO  [uniandes.isis2304.vacuandes.interfazApp.InterfazVacuandesApp] - Se encontró un archivo de configuración válido: Interfaz
00:14:17,776 (main) INFO  [uniandes.isis2304.vacuandes.interfazApp.InterfazVacuandesApp] - Se aplica configuración indicada en el archivo de configuración
00:14:17,820 (main) INFO  [uniandes.isis2304.vacuandes.interfazApp.InterfazVacuandesApp] - Se encontró un archivo de configuración válido: Tablas BD
00:14:30,018 (AWT-EventQueue-0) INFO  [uniandes.isis2304.vacuandes.negocio.Vacuandes] - Iniciando sesion para usuario a.trianaa
00:14:30,052 (AWT-EventQueue-0) INFO  [uniandes.isis2304.vacuandes.persistencia.PersistenciaVacuandes] - Buscando usuario "a.trianaa" con contrasena "contrasena1"
00:14:30,417 (AWT-EventQueue-0) INFO  [uniandes.isis2304.vacuandes.persistencia.PersistenciaVacuandes] - Usuario buscado "a.trianaa" con contrasena "contrasena1"
00:14:30,417 (AWT-EventQueue-0) INFO  [uniandes.isis2304.vacuandes.negocio.Vacuandes] - Verificado inicio sesion
00:14:31,573 (AWT-EventQueue-0) INFO  [uniandes.isis2304.vacuandes.negocio.Vacuandes] - Buscando trabjador de cedula: 1001168160
00:14:31,574 (AWT-EventQueue-0) INFO  [uniandes.isis2304.vacuandes.persistencia.PersistenciaVacuandes] - Buscando el trabajo de la cedula 1001168160
00:14:31,649 (AWT-EventQueue-0) INFO  [uniandes.isis2304.vacuandes.persistencia.PersistenciaVacuandes] - Trabajador buscado por cedula 1001168160
00:14:31,649 (AWT-EventQueue-0) INFO  [uniandes.isis2304.vacuandes.negocio.Vacuandes] - Trabajo verificado
00:23:16,791 (main) INFO  [uniandes.isis2304.vacuandes.interfazApp.InterfazVacuandesApp] - Se encontró un archivo de configuración válido: Interfaz
00:23:16,795 (main) INFO  [uniandes.isis2304.vacuandes.interfazApp.InterfazVacuandesApp] - Se aplica configuración indicada en el archivo de configuración
00:23:17,162 (main) INFO  [uniandes.isis2304.vacuandes.interfazApp.InterfazVacuandesApp] - Se encontró un archivo de configuración válido: Tablas BD
00:23:29,276 (AWT-EventQueue-0) INFO  [uniandes.isis2304.vacuandes.negocio.Vacuandes] - Iniciando sesion para usuario a.trianaa
00:23:29,317 (AWT-EventQueue-0) INFO  [uniandes.isis2304.vacuandes.persistencia.PersistenciaVacuandes] - Buscando usuario "a.trianaa" con contrasena "contrasena"
00:23:29,675 (AWT-EventQueue-0) INFO  [uniandes.isis2304.vacuandes.persistencia.PersistenciaVacuandes] - Usuario buscado "a.trianaa" con contrasena "contrasena1"
00:23:29,676 (AWT-EventQueue-0) INFO  [uniandes.isis2304.vacuandes.negocio.Vacuandes] - Verificado inicio sesion
00:23:37,171 (AWT-EventQueue-0) INFO  [uniandes.isis2304.vacuandes.negocio.Vacuandes] - Iniciando sesion para usuario a.trianaa
00:23:37,172 (AWT-EventQueue-0) INFO  [uniandes.isis2304.vacuandes.persistencia.PersistenciaVacuandes] - Buscando usuario "a.trianaa" con contrasena "contrasena1"
00:23:37,248 (AWT-EventQueue-0) INFO  [uniandes.isis2304.vacuandes.persistencia.PersistenciaVacuandes] - Usuario buscado "a.trianaa" con contrasena "contrasena1"
00:23:37,249 (AWT-EventQueue-0) INFO  [uniandes.isis2304.vacuandes.negocio.Vacuandes] - Verificado inicio sesion
00:23:38,620 (AWT-EventQueue-0) INFO  [uniandes.isis2304.vacuandes.negocio.Vacuandes] - Buscando trabjador de cedula: 1001168160
00:23:38,621 (AWT-EventQueue-0) INFO  [uniandes.isis2304.vacuandes.persistencia.PersistenciaVacuandes] - Buscando el trabajo de la cedula 1001168160
00:23:38,694 (AWT-EventQueue-0) INFO  [uniandes.isis2304.vacuandes.persistencia.PersistenciaVacuandes] - Trabajador buscado por cedula 1001168160
00:23:38,695 (AWT-EventQueue-0) INFO  [uniandes.isis2304.vacuandes.negocio.Vacuandes] - Trabajo verificado
>>>>>>> Stashed changes
00:36:25,107 (main) INFO  [uniandes.isis2304.vacuandes.interfazApp.InterfazVacuandesApp] - Se encontró un archivo de configuración válido: Interfaz
00:36:25,108 (main) INFO  [uniandes.isis2304.vacuandes.interfazApp.InterfazVacuandesApp] - Se aplica configuración indicada en el archivo de configuración
00:36:25,180 (main) INFO  [uniandes.isis2304.vacuandes.interfazApp.InterfazVacuandesApp] - Se encontró un archivo de configuración válido: Tablas BD
00:36:37,991 (AWT-EventQueue-0) INFO  [uniandes.isis2304.vacuandes.negocio.Vacuandes] - Iniciando sesion para usuario a.trianaa
00:36:38,029 (AWT-EventQueue-0) INFO  [uniandes.isis2304.vacuandes.persistencia.PersistenciaVacuandes] - Buscando usuario "a.trianaa" con contrasena "contrasena1"
00:36:38,438 (AWT-EventQueue-0) INFO  [uniandes.isis2304.vacuandes.persistencia.PersistenciaVacuandes] - Usuario buscado "a.trianaa" con contrasena "contrasena1"
00:36:38,441 (AWT-EventQueue-0) INFO  [uniandes.isis2304.vacuandes.negocio.Vacuandes] - Verificado inicio sesion
00:36:38,441 (AWT-EventQueue-0) INFO  [uniandes.isis2304.vacuandes.negocio.Vacuandes] - Buscando trabjador de cedula: 1001168160
00:36:38,442 (AWT-EventQueue-0) INFO  [uniandes.isis2304.vacuandes.persistencia.PersistenciaVacuandes] - Buscando el trabajo de la cedula 1001168160
00:36:38,554 (AWT-EventQueue-0) INFO  [uniandes.isis2304.vacuandes.persistencia.PersistenciaVacuandes] - Trabajador buscado por cedula 1001168160
00:36:38,555 (AWT-EventQueue-0) INFO  [uniandes.isis2304.vacuandes.negocio.Vacuandes] - Trabajo verificado
00:37:13,725 (AWT-EventQueue-0) INFO  [uniandes.isis2304.vacuandes.negocio.Vacuandes] - Buscando una condicion
00:37:13,727 (AWT-EventQueue-0) INFO  [uniandes.isis2304.vacuandes.persistencia.PersistenciaVacuandes] - Buscando la condicion llamada Habitante de calle
00:37:13,754 (AWT-EventQueue-0) ERROR [uniandes.isis2304.vacuandes.persistencia.PersistenciaVacuandes] - Exception : SQL query "SELECT * FROM CONDICION WHERE condiciones = ?" necesita 1 parametros pero no hay ninguno

00:37:13,755 (AWT-EventQueue-0) INFO  [uniandes.isis2304.vacuandes.negocio.Vacuandes] - Se encontró la condición: Habitante de calle
00:37:13,755 (AWT-EventQueue-0) INFO  [uniandes.isis2304.vacuandes.negocio.Vacuandes] - Creando una nueva condicion
00:37:13,756 (AWT-EventQueue-0) INFO  [uniandes.isis2304.vacuandes.persistencia.PersistenciaVacuandes] - Agregando condicionHabitante de calle
00:37:13,813 (AWT-EventQueue-0) ERROR [uniandes.isis2304.vacuandes.persistencia.PersistenciaVacuandes] - Exception : Error con la ejecucion de Query de SQL "INSERT INTO CONDICION(condiciones, etapa) values (?, ?)".
ORA-00001: restricción única (ISIS2304D06202110.CONDICIONES) violada

00:37:13,858 (AWT-EventQueue-0) INFO  [uniandes.isis2304.vacuandes.negocio.Vacuandes] - Se creo la condicion: Habitante de calle de etapa numero:1
00:42:44,718 (main) INFO  [uniandes.isis2304.vacuandes.interfazApp.InterfazVacuandesApp] - Se encontró un archivo de configuración válido: Interfaz
00:42:44,719 (main) INFO  [uniandes.isis2304.vacuandes.interfazApp.InterfazVacuandesApp] - Se aplica configuración indicada en el archivo de configuración
00:42:44,772 (main) INFO  [uniandes.isis2304.vacuandes.interfazApp.InterfazVacuandesApp] - Se encontró un archivo de configuración válido: Tablas BD
00:43:09,943 (AWT-EventQueue-0) INFO  [uniandes.isis2304.vacuandes.negocio.Vacuandes] - Iniciando sesion para usuario a.trianaa
00:43:09,965 (AWT-EventQueue-0) INFO  [uniandes.isis2304.vacuandes.persistencia.PersistenciaVacuandes] - Buscando usuario "a.trianaa" con contrasena "contrasena1"
00:43:10,350 (AWT-EventQueue-0) INFO  [uniandes.isis2304.vacuandes.persistencia.PersistenciaVacuandes] - Usuario buscado "a.trianaa" con contrasena "contrasena1"
00:43:10,352 (AWT-EventQueue-0) INFO  [uniandes.isis2304.vacuandes.negocio.Vacuandes] - Verificado inicio sesion
00:43:10,352 (AWT-EventQueue-0) INFO  [uniandes.isis2304.vacuandes.negocio.Vacuandes] - Buscando trabjador de cedula: 1001168160
00:43:10,353 (AWT-EventQueue-0) INFO  [uniandes.isis2304.vacuandes.persistencia.PersistenciaVacuandes] - Buscando el trabajo de la cedula 1001168160
00:43:10,416 (AWT-EventQueue-0) INFO  [uniandes.isis2304.vacuandes.persistencia.PersistenciaVacuandes] - Trabajador buscado por cedula 1001168160
00:43:10,418 (AWT-EventQueue-0) INFO  [uniandes.isis2304.vacuandes.negocio.Vacuandes] - Trabajo verificado
00:43:23,271 (AWT-EventQueue-0) INFO  [uniandes.isis2304.vacuandes.negocio.Vacuandes] - Buscando una condicion
00:43:23,272 (AWT-EventQueue-0) INFO  [uniandes.isis2304.vacuandes.persistencia.PersistenciaVacuandes] - Buscando la condicion llamada THS contacto directo
00:43:23,289 (AWT-EventQueue-0) ERROR [uniandes.isis2304.vacuandes.persistencia.PersistenciaVacuandes] - Exception : SQL query "SELECT * FROM CONDICION WHERE condiciones = ?" necesita 1 parametros pero no hay ninguno

00:43:23,290 (AWT-EventQueue-0) ERROR [uniandes.isis2304.vacuandes.negocio.Vacuandes] - No se ha encontrado la condicion THS contacto directo
00:43:23,290 (AWT-EventQueue-0) INFO  [uniandes.isis2304.vacuandes.negocio.Vacuandes] - Creando una nueva condicion
00:43:23,295 (AWT-EventQueue-0) INFO  [uniandes.isis2304.vacuandes.persistencia.PersistenciaVacuandes] - Agregando condicionTHS contacto directo
00:43:23,352 (AWT-EventQueue-0) ERROR [uniandes.isis2304.vacuandes.persistencia.PersistenciaVacuandes] - Exception : Error con la ejecucion de Query de SQL "INSERT INTO CONDICION(condiciones, etapa) values (?, ?)".
ORA-00001: restricción única (ISIS2304D06202110.CONDICIONES) violada

00:43:23,387 (AWT-EventQueue-0) INFO  [uniandes.isis2304.vacuandes.negocio.Vacuandes] - Se creo la condicion: THS contacto directo de etapa numero:5
00:46:50,227 (main) INFO  [uniandes.isis2304.vacuandes.interfazApp.InterfazVacuandesApp] - Se encontró un archivo de configuración válido: Interfaz
00:46:50,228 (main) INFO  [uniandes.isis2304.vacuandes.interfazApp.InterfazVacuandesApp] - Se aplica configuración indicada en el archivo de configuración
00:46:50,288 (main) INFO  [uniandes.isis2304.vacuandes.interfazApp.InterfazVacuandesApp] - Se encontró un archivo de configuración válido: Tablas BD
00:47:00,562 (AWT-EventQueue-0) INFO  [uniandes.isis2304.vacuandes.negocio.Vacuandes] - Iniciando sesion para usuario a.trianaa
00:47:00,583 (AWT-EventQueue-0) INFO  [uniandes.isis2304.vacuandes.persistencia.PersistenciaVacuandes] - Buscando usuario "a.trianaa" con contrasena "contrasena1"
00:47:00,969 (AWT-EventQueue-0) INFO  [uniandes.isis2304.vacuandes.persistencia.PersistenciaVacuandes] - Usuario buscado "a.trianaa" con contrasena "contrasena1"
00:47:00,971 (AWT-EventQueue-0) INFO  [uniandes.isis2304.vacuandes.negocio.Vacuandes] - Verificado inicio sesion
00:47:00,971 (AWT-EventQueue-0) INFO  [uniandes.isis2304.vacuandes.negocio.Vacuandes] - Buscando trabjador de cedula: 1001168160
00:47:00,972 (AWT-EventQueue-0) INFO  [uniandes.isis2304.vacuandes.persistencia.PersistenciaVacuandes] - Buscando el trabajo de la cedula 1001168160
00:47:01,034 (AWT-EventQueue-0) INFO  [uniandes.isis2304.vacuandes.persistencia.PersistenciaVacuandes] - Trabajador buscado por cedula 1001168160
00:47:01,035 (AWT-EventQueue-0) INFO  [uniandes.isis2304.vacuandes.negocio.Vacuandes] - Trabajo verificado
00:47:11,254 (AWT-EventQueue-0) INFO  [uniandes.isis2304.vacuandes.negocio.Vacuandes] - Buscando una condicion
00:47:11,255 (AWT-EventQueue-0) INFO  [uniandes.isis2304.vacuandes.persistencia.PersistenciaVacuandes] - Buscando la condicion llamada Adulto mayor (+80)
00:47:11,320 (AWT-EventQueue-0) INFO  [uniandes.isis2304.vacuandes.persistencia.PersistenciaVacuandes] - Se encontró la condicion Adulto mayor (+80)
00:47:11,320 (AWT-EventQueue-0) INFO  [uniandes.isis2304.vacuandes.negocio.Vacuandes] - Se encontró la condición: Adulto mayor (+80)
00:47:11,320 (AWT-EventQueue-0) INFO  [uniandes.isis2304.vacuandes.negocio.Vacuandes] - Actualizando una condicion
00:47:11,321 (AWT-EventQueue-0) INFO  [uniandes.isis2304.vacuandes.persistencia.PersistenciaVacuandes] - Actualizando la condicion llamada: Adulto mayor (+80)
00:47:11,382 (AWT-EventQueue-0) ERROR [uniandes.isis2304.vacuandes.persistencia.PersistenciaVacuandes] - Exception : Error con la ejecucion de Query de SQL "UPDATE CONDICIONSET ETAPA= ? WHERE CONDICIONES = ?".
ORA-00971: falta la palabra clave SET

00:47:11,416 (AWT-EventQueue-0) INFO  [uniandes.isis2304.vacuandes.negocio.Vacuandes] - Se actualizo la condicionAdulto mayor (+80) a etapa 5
00:47:48,992 (main) INFO  [uniandes.isis2304.vacuandes.interfazApp.InterfazVacuandesApp] - Se encontró un archivo de configuración válido: Interfaz
00:47:48,994 (main) INFO  [uniandes.isis2304.vacuandes.interfazApp.InterfazVacuandesApp] - Se aplica configuración indicada en el archivo de configuración
00:47:49,060 (main) INFO  [uniandes.isis2304.vacuandes.interfazApp.InterfazVacuandesApp] - Se encontró un archivo de configuración válido: Tablas BD
00:48:01,872 (AWT-EventQueue-0) INFO  [uniandes.isis2304.vacuandes.negocio.Vacuandes] - Iniciando sesion para usuario a.trianaa
00:48:01,893 (AWT-EventQueue-0) INFO  [uniandes.isis2304.vacuandes.persistencia.PersistenciaVacuandes] - Buscando usuario "a.trianaa" con contrasena "contrasena1"
00:48:02,247 (AWT-EventQueue-0) INFO  [uniandes.isis2304.vacuandes.persistencia.PersistenciaVacuandes] - Usuario buscado "a.trianaa" con contrasena "contrasena1"
00:48:02,248 (AWT-EventQueue-0) INFO  [uniandes.isis2304.vacuandes.negocio.Vacuandes] - Verificado inicio sesion
00:48:02,249 (AWT-EventQueue-0) INFO  [uniandes.isis2304.vacuandes.negocio.Vacuandes] - Buscando trabjador de cedula: 1001168160
00:48:02,249 (AWT-EventQueue-0) INFO  [uniandes.isis2304.vacuandes.persistencia.PersistenciaVacuandes] - Buscando el trabajo de la cedula 1001168160
00:48:02,318 (AWT-EventQueue-0) INFO  [uniandes.isis2304.vacuandes.persistencia.PersistenciaVacuandes] - Trabajador buscado por cedula 1001168160
00:48:02,319 (AWT-EventQueue-0) INFO  [uniandes.isis2304.vacuandes.negocio.Vacuandes] - Trabajo verificado
00:48:09,476 (AWT-EventQueue-0) INFO  [uniandes.isis2304.vacuandes.negocio.Vacuandes] - Buscando una condicion
00:48:09,477 (AWT-EventQueue-0) INFO  [uniandes.isis2304.vacuandes.persistencia.PersistenciaVacuandes] - Buscando la condicion llamada Adulto mayor (+80)
00:48:09,534 (AWT-EventQueue-0) INFO  [uniandes.isis2304.vacuandes.persistencia.PersistenciaVacuandes] - Se encontró la condicion Adulto mayor (+80)
00:48:09,535 (AWT-EventQueue-0) INFO  [uniandes.isis2304.vacuandes.negocio.Vacuandes] - Se encontró la condición: Adulto mayor (+80)
00:48:09,535 (AWT-EventQueue-0) INFO  [uniandes.isis2304.vacuandes.negocio.Vacuandes] - Actualizando una condicion
00:48:09,535 (AWT-EventQueue-0) INFO  [uniandes.isis2304.vacuandes.persistencia.PersistenciaVacuandes] - Actualizando la condicion llamada: Adulto mayor (+80)
00:48:09,560 (AWT-EventQueue-0) ERROR [uniandes.isis2304.vacuandes.persistencia.PersistenciaVacuandes] - Exception : class java.lang.Long cannot be cast to class uniandes.isis2304.vacuandes.negocio.Condicion (java.lang.Long is in module java.base of loader 'bootstrap'; uniandes.isis2304.vacuandes.negocio.Condicion is in unnamed module of loader 'app')

00:48:09,597 (AWT-EventQueue-0) INFO  [uniandes.isis2304.vacuandes.negocio.Vacuandes] - Se actualizo la condicionAdulto mayor (+80) a etapa 5
00:54:32,145 (main) INFO  [uniandes.isis2304.vacuandes.interfazApp.InterfazVacuandesApp] - Se encontró un archivo de configuración válido: Interfaz
00:54:32,147 (main) INFO  [uniandes.isis2304.vacuandes.interfazApp.InterfazVacuandesApp] - Se aplica configuración indicada en el archivo de configuración
00:54:32,201 (main) INFO  [uniandes.isis2304.vacuandes.interfazApp.InterfazVacuandesApp] - Se encontró un archivo de configuración válido: Tablas BD
00:54:47,083 (AWT-EventQueue-0) INFO  [uniandes.isis2304.vacuandes.negocio.Vacuandes] - Iniciando sesion para usuario a.trianaa
00:54:47,103 (AWT-EventQueue-0) INFO  [uniandes.isis2304.vacuandes.persistencia.PersistenciaVacuandes] - Buscando usuario "a.trianaa" con contrasena "contrasena1"
00:54:47,489 (AWT-EventQueue-0) INFO  [uniandes.isis2304.vacuandes.persistencia.PersistenciaVacuandes] - Usuario buscado "a.trianaa" con contrasena "contrasena1"
00:54:47,489 (AWT-EventQueue-0) INFO  [uniandes.isis2304.vacuandes.negocio.Vacuandes] - Verificado inicio sesion
00:54:47,490 (AWT-EventQueue-0) INFO  [uniandes.isis2304.vacuandes.negocio.Vacuandes] - Buscando trabjador de cedula: 1001168160
00:54:47,490 (AWT-EventQueue-0) INFO  [uniandes.isis2304.vacuandes.persistencia.PersistenciaVacuandes] - Buscando el trabajo de la cedula 1001168160
00:54:47,569 (AWT-EventQueue-0) INFO  [uniandes.isis2304.vacuandes.persistencia.PersistenciaVacuandes] - Trabajador buscado por cedula 1001168160
00:54:47,569 (AWT-EventQueue-0) INFO  [uniandes.isis2304.vacuandes.negocio.Vacuandes] - Trabajo verificado
00:55:21,567 (AWT-EventQueue-0) INFO  [uniandes.isis2304.vacuandes.negocio.Vacuandes] - Buscando una condicion
00:55:21,568 (AWT-EventQueue-0) INFO  [uniandes.isis2304.vacuandes.persistencia.PersistenciaVacuandes] - Buscando la condicion llamada Adulto mayor (+80)
00:55:21,641 (AWT-EventQueue-0) INFO  [uniandes.isis2304.vacuandes.persistencia.PersistenciaVacuandes] - Se encontró la condicion Adulto mayor (+80)
00:55:21,642 (AWT-EventQueue-0) INFO  [uniandes.isis2304.vacuandes.negocio.Vacuandes] - Se encontró la condición: Adulto mayor (+80)
00:55:21,642 (AWT-EventQueue-0) INFO  [uniandes.isis2304.vacuandes.negocio.Vacuandes] - Actualizando una condicion
00:55:21,642 (AWT-EventQueue-0) INFO  [uniandes.isis2304.vacuandes.persistencia.PersistenciaVacuandes] - Actualizando la condicion llamada: Adulto mayor (+80)
00:55:21,674 (AWT-EventQueue-0) ERROR [uniandes.isis2304.vacuandes.persistencia.PersistenciaVacuandes] - Exception : class java.lang.Long cannot be cast to class uniandes.isis2304.vacuandes.negocio.Condicion (java.lang.Long is in module java.base of loader 'bootstrap'; uniandes.isis2304.vacuandes.negocio.Condicion is in unnamed module of loader 'app')

00:55:21,726 (AWT-EventQueue-0) INFO  [uniandes.isis2304.vacuandes.negocio.Vacuandes] - Se actualizo la condicionAdulto mayor (+80) a etapa 3
01:03:33,379 (main) INFO  [uniandes.isis2304.vacuandes.interfazApp.InterfazVacuandesApp] - Se encontró un archivo de configuración válido: Interfaz
01:03:33,381 (main) INFO  [uniandes.isis2304.vacuandes.interfazApp.InterfazVacuandesApp] - Se aplica configuración indicada en el archivo de configuración
01:03:33,439 (main) INFO  [uniandes.isis2304.vacuandes.interfazApp.InterfazVacuandesApp] - Se encontró un archivo de configuración válido: Tablas BD
01:03:51,310 (AWT-EventQueue-0) INFO  [uniandes.isis2304.vacuandes.negocio.Vacuandes] - Iniciando sesion para usuario a.trianaa
01:03:51,331 (AWT-EventQueue-0) INFO  [uniandes.isis2304.vacuandes.persistencia.PersistenciaVacuandes] - Buscando usuario "a.trianaa" con contrasena "contrasena1"
01:03:51,712 (AWT-EventQueue-0) INFO  [uniandes.isis2304.vacuandes.persistencia.PersistenciaVacuandes] - Usuario buscado "a.trianaa" con contrasena "contrasena1"
01:03:51,714 (AWT-EventQueue-0) INFO  [uniandes.isis2304.vacuandes.negocio.Vacuandes] - Verificado inicio sesion
01:03:51,714 (AWT-EventQueue-0) INFO  [uniandes.isis2304.vacuandes.negocio.Vacuandes] - Buscando trabjador de cedula: 1001168160
01:03:51,715 (AWT-EventQueue-0) INFO  [uniandes.isis2304.vacuandes.persistencia.PersistenciaVacuandes] - Buscando el trabajo de la cedula 1001168160
01:03:51,797 (AWT-EventQueue-0) INFO  [uniandes.isis2304.vacuandes.persistencia.PersistenciaVacuandes] - Trabajador buscado por cedula 1001168160
01:03:51,797 (AWT-EventQueue-0) INFO  [uniandes.isis2304.vacuandes.negocio.Vacuandes] - Trabajo verificado
01:04:01,233 (AWT-EventQueue-0) INFO  [uniandes.isis2304.vacuandes.negocio.Vacuandes] - Buscando una condicion
01:04:01,235 (AWT-EventQueue-0) INFO  [uniandes.isis2304.vacuandes.persistencia.PersistenciaVacuandes] - Buscando la condicion llamada Adulto mayor (+80)
01:04:01,310 (AWT-EventQueue-0) INFO  [uniandes.isis2304.vacuandes.persistencia.PersistenciaVacuandes] - Se encontró la condicion Adulto mayor (+80)
01:04:01,310 (AWT-EventQueue-0) INFO  [uniandes.isis2304.vacuandes.negocio.Vacuandes] - Se encontró la condición: Adulto mayor (+80)
01:04:01,310 (AWT-EventQueue-0) INFO  [uniandes.isis2304.vacuandes.negocio.Vacuandes] - Actualizando una condicion
01:04:01,311 (AWT-EventQueue-0) INFO  [uniandes.isis2304.vacuandes.persistencia.PersistenciaVacuandes] - Actualizando la condicion llamada: Adulto mayor (+80)
01:04:01,390 (AWT-EventQueue-0) INFO  [uniandes.isis2304.vacuandes.persistencia.PersistenciaVacuandes] - Se actualizo la condicion Adulto mayor (+80) a etapa 3
01:04:01,391 (AWT-EventQueue-0) INFO  [uniandes.isis2304.vacuandes.negocio.Vacuandes] - Se actualizo la condicionAdulto mayor (+80) a etapa 3
01:04:39,388 (AWT-EventQueue-0) INFO  [uniandes.isis2304.vacuandes.negocio.Vacuandes] - Buscando una condicion
01:04:39,389 (AWT-EventQueue-0) INFO  [uniandes.isis2304.vacuandes.persistencia.PersistenciaVacuandes] - Buscando la condicion llamada THS tradicional
01:04:39,454 (AWT-EventQueue-0) INFO  [uniandes.isis2304.vacuandes.persistencia.PersistenciaVacuandes] - Se encontró la condicion THS tradicional
01:04:39,454 (AWT-EventQueue-0) INFO  [uniandes.isis2304.vacuandes.negocio.Vacuandes] - Se encontró la condición: THS tradicional
01:04:39,454 (AWT-EventQueue-0) INFO  [uniandes.isis2304.vacuandes.negocio.Vacuandes] - Actualizando una condicion
01:04:39,455 (AWT-EventQueue-0) INFO  [uniandes.isis2304.vacuandes.persistencia.PersistenciaVacuandes] - Actualizando la condicion llamada: THS tradicional
01:04:39,524 (AWT-EventQueue-0) INFO  [uniandes.isis2304.vacuandes.persistencia.PersistenciaVacuandes] - Se actualizo la condicion THS tradicional a etapa 5
01:04:39,524 (AWT-EventQueue-0) INFO  [uniandes.isis2304.vacuandes.negocio.Vacuandes] - Se actualizo la condicionTHS tradicional a etapa 5
01:06:05,353 (AWT-EventQueue-0) INFO  [uniandes.isis2304.vacuandes.negocio.Vacuandes] - Buscando una condicion
01:06:05,355 (AWT-EventQueue-0) INFO  [uniandes.isis2304.vacuandes.persistencia.PersistenciaVacuandes] - Buscando la condicion llamada Adulto mayor (+80)
01:06:05,415 (AWT-EventQueue-0) INFO  [uniandes.isis2304.vacuandes.persistencia.PersistenciaVacuandes] - Se encontró la condicion Adulto mayor (+80)
01:06:05,416 (AWT-EventQueue-0) INFO  [uniandes.isis2304.vacuandes.negocio.Vacuandes] - Se encontró la condición: Adulto mayor (+80)
01:06:05,416 (AWT-EventQueue-0) INFO  [uniandes.isis2304.vacuandes.negocio.Vacuandes] - Actualizando una condicion
01:06:05,416 (AWT-EventQueue-0) INFO  [uniandes.isis2304.vacuandes.persistencia.PersistenciaVacuandes] - Actualizando la condicion llamada: Adulto mayor (+80)
01:07:09,961 (AWT-EventQueue-0) INFO  [uniandes.isis2304.vacuandes.persistencia.PersistenciaVacuandes] - Se actualizo la condicion Adulto mayor (+80) a etapa 1
01:07:09,961 (AWT-EventQueue-0) INFO  [uniandes.isis2304.vacuandes.negocio.Vacuandes] - Se actualizo la condicionAdulto mayor (+80) a etapa 1
01:07:47,264 (AWT-EventQueue-0) INFO  [uniandes.isis2304.vacuandes.negocio.Vacuandes] - Buscando una condicion
01:07:47,265 (AWT-EventQueue-0) INFO  [uniandes.isis2304.vacuandes.persistencia.PersistenciaVacuandes] - Buscando la condicion llamada Adulto mayor (+80)
01:07:47,334 (AWT-EventQueue-0) INFO  [uniandes.isis2304.vacuandes.persistencia.PersistenciaVacuandes] - Se encontró la condicion Adulto mayor (+80)
01:07:47,334 (AWT-EventQueue-0) ERROR [uniandes.isis2304.vacuandes.negocio.Vacuandes] - No se ha encontrado la condicion Adulto mayor (+80)
01:07:47,335 (AWT-EventQueue-0) INFO  [uniandes.isis2304.vacuandes.negocio.Vacuandes] - Creando una nueva condicion
01:07:47,335 (AWT-EventQueue-0) INFO  [uniandes.isis2304.vacuandes.persistencia.PersistenciaVacuandes] - Agregando condicionAdulto mayor (+80)
01:07:47,394 (AWT-EventQueue-0) INFO  [uniandes.isis2304.vacuandes.persistencia.PersistenciaVacuandes] - Inserción de la condicion: Adulto mayor (+80): 1 tuplas insertadas
01:07:47,395 (AWT-EventQueue-0) INFO  [uniandes.isis2304.vacuandes.negocio.Vacuandes] - Se creo la condicion: Adulto mayor (+80) de etapa numero:1
01:15:45,775 (main) INFO  [uniandes.isis2304.vacuandes.interfazApp.InterfazVacuandesApp] - Se encontró un archivo de configuración válido: Interfaz
01:15:45,777 (main) INFO  [uniandes.isis2304.vacuandes.interfazApp.InterfazVacuandesApp] - Se aplica configuración indicada en el archivo de configuración
01:15:45,831 (main) INFO  [uniandes.isis2304.vacuandes.interfazApp.InterfazVacuandesApp] - Se encontró un archivo de configuración válido: Tablas BD
01:17:44,290 (main) INFO  [uniandes.isis2304.vacuandes.interfazApp.InterfazVacuandesApp] - Se encontró un archivo de configuración válido: Interfaz
01:17:44,291 (main) INFO  [uniandes.isis2304.vacuandes.interfazApp.InterfazVacuandesApp] - Se aplica configuración indicada en el archivo de configuración
01:17:44,338 (main) INFO  [uniandes.isis2304.vacuandes.interfazApp.InterfazVacuandesApp] - Se encontró un archivo de configuración válido: Tablas BD
